<html>
<body>
<pre>
<h1>Vision Build Log</h1>
<h2>Project:</h2>
C:\Users\18361\Desktop\自平衡小车\MDK\自平衡小车.uvproj
Project File Date:  04/21/2018

<h2>Output:</h2>
Build target 'Target 1'
assembling startup_stm32f10x_hd.s...
compiling core_cm3.c...
compiling system_stm32f10x.c...
compiling misc.c...
compiling stm32f10x_adc.c...
compiling stm32f10x_bkp.c...
compiling stm32f10x_exti.c...
compiling stm32f10x_flash.c...
compiling stm32f10x_gpio.c...
compiling stm32f10x_i2c.c...
compiling stm32f10x_rcc.c...
compiling stm32f10x_rtc.c...
compiling stm32f10x_tim.c...
compiling stm32f10x_usart.c...
compiling main_test.c...
..\SRE\main_test.c(3): error:  #5: cannot open source input file "6050.h": No such file or directory
..\SRE\main_test.c:   #include "6050.h"
..\SRE\main_test.c:                    ^
..\SRE\main_test.c: ..\SRE\main_test.c: 0 warnings, 1 error
compiling stm32f10x_it.c...
..\SRE\stm32f10x_it.c(26): error:  #5: cannot open source input file "Motor.h": No such file or directory
..\SRE\stm32f10x_it.c:   #include "Motor.h"
..\SRE\stm32f10x_it.c:                     ^
..\SRE\stm32f10x_it.c: ..\SRE\stm32f10x_it.c: 0 warnings, 1 error
Target not created
Build target 'Target 1'
compiling main_test.c...
..\SRE\main_test.c(5): error:  #5: cannot open source input file "boad.h": No such file or directory
..\SRE\main_test.c:   #include "boad.h"
..\SRE\main_test.c:                    ^
..\SRE\main_test.c: ..\SRE\main_test.c: 0 warnings, 1 error
compiling stm32f10x_it.c...
..\SRE\stm32f10x_it.c(26): error:  #5: cannot open source input file "Motor.h": No such file or directory
..\SRE\stm32f10x_it.c:   #include "Motor.h"
..\SRE\stm32f10x_it.c:                     ^
..\SRE\stm32f10x_it.c: ..\SRE\stm32f10x_it.c: 0 warnings, 1 error
Target not created
Build target 'Target 1'
compiling main_test.c...
compiling stm32f10x_it.c...
..\SRE\stm32f10x_it.c(26): error:  #5: cannot open source input file "Motor.h": No such file or directory
..\SRE\stm32f10x_it.c:   #include "Motor.h"
..\SRE\stm32f10x_it.c:                     ^
..\SRE\stm32f10x_it.c: ..\SRE\stm32f10x_it.c: 0 warnings, 1 error
Target not created
Build target 'Target 1'
compiling stm32f10x_it.c...
..\SRE\stm32f10x_it.c(147): warning:  #223-D: function "Motor_Control" declared implicitly
..\SRE\stm32f10x_it.c:          Motor_Control();
..\SRE\stm32f10x_it.c:          ^
..\SRE\stm32f10x_it.c: ..\SRE\stm32f10x_it.c: 1 warning, 0 errors
linking...
..\OUTPUT\自平衡小车.axf: Error: L6218E: Undefined symbol Motor_Control (referred from stm32f10x_it.o).
..\OUTPUT\自平衡小车.axf: Not enough information to list image symbols.
..\OUTPUT\自平衡小车.axf: Finished: 1 information, 0 warning and 1 error messages.
Target not created
Build target 'Target 1'
compiling stm32f10x_it.c...
linking...
Program Size: Code=852 RO-data=336 RW-data=20 ZI-data=1636  
"..\OUTPUT\自平衡小车.axf" - 0 Error(s), 0 Warning(s).
