<html>
<body>
<pre>
<h1>Vision Build Log</h1>
<h2>Project:</h2>
C:\Users\Administrator\Desktop\ESP8266设计文件\ESP8266开发板硬件程序和安卓控制端 路由模式 WIFI密码名字是ESP8266 密码是0123456789\硬件程序\ESP8266.uvproj
Project File Date:  09/23/2014

<h2>Output:</h2>
Rebuild target 'Target 1'
assembling STARTUP.A51...
compiling main.c...
linking...
*** WARNING L15: MULTIPLE CALL TO SEGMENT
    SEGMENT: ?PR?_DELAY2?MAIN
    CALLER1: ?C_C51STARTUP
    CALLER2: ?PR?UART1_INT?MAIN
*** WARNING L15: MULTIPLE CALL TO SEGMENT
    SEGMENT: ?PR?_DELAY1?MAIN
    CALLER1: ?C_C51STARTUP
    CALLER2: ?PR?UART1_INT?MAIN
Program Size: data=41.1 xdata=130 code=1559
creating hex file from "ESP8266"...
"ESP8266" - 0 Error(s), 2 Warning(s).
</pre>
</body>
</html>
r '44'
main.c(211): error C141: syntax error near '31'
main.c(211): error C141: syntax error near '4'
main.c(211): error C141: syntax error near 'B'
main.c(211): error C141: syntax error near 'C'
main.c(211): error C141: syntax error near '44'
main.c(211): error C141: syntax error near '32'
main.c(211): error C141: syntax error near '4'
main.c(211): error C141: syntax error near 'B'
main.c(211): error C141: syntax error near 'C'
main.c(211): error C141: syntax error near '44'
main.c(211): error C141: syntax error near '33'
main.c(211): error C141: syntax error near '4'
main.c(211): error C141: syntax error near 'B'
main.c(211): error C141: syntax error near '53'
main.c(211): error C141: syntax error near '45'
main.c(212): error C141: syntax error near '}'
main.c(222): error C141: syntax error near 'if'
main.c(223): error C129: missing ';' before '{'
Target not created
